<?xml version="1.0" encoding="UTF-8"?>
<!-- Generated by org.testng.reporters.JUnitXMLReporter -->
<testsuite ignored="0" hostname="Piash-XPS13" failures="0" tests="5" name="Default test" time="24.803" errors="0" timestamp="2022-08-08T13:28:53 EDT">
  <testcase classname="homepage.AmazonTest" name="landingPage" time="8.506"/>
  <testcase classname="homepage.AmazonTest" name="shopByDepartment" time="2.636"/>
  <testcase classname="homepage.AmazonTest" name="shopSamsungTV" time="1.574"/>
  <testcase classname="homepage.AmazonTest" name="sortHighToLow" time="1.557"/>
  <testcase classname="homepage.AmazonTest" name="select2ndSearchResult" time="10.431"/>
</testsuite> <!-- Default test -->
