<?xml version="1.0" encoding="UTF-8"?>
<!-- Generated by org.testng.reporters.JUnitXMLReporter -->
<testsuite ignored="0" hostname="Piash-XPS13" failures="0" tests="5" name="Default test" time="81.35" errors="0" timestamp="2022-08-09T13:09:17 EDT">
  <testcase classname="homepage.AmazonTest" name="landingPage" time="36.619"/>
  <testcase classname="homepage.AmazonTest" name="shopByDepartment" time="7.503"/>
  <testcase classname="homepage.AmazonTest" name="shopSamsungTV" time="5.846"/>
  <testcase classname="homepage.AmazonTest" name="sortHighToLow" time="18.177"/>
  <testcase classname="homepage.AmazonTest" name="select2ndSearchResult" time="13.073"/>
</testsuite> <!-- Default test -->
