<?xml version="1.0" encoding="UTF-8"?>
<!-- Generated by org.testng.reporters.JUnitXMLReporter -->
<testsuite ignored="0" hostname="Piash-XPS13" failures="0" tests="5" name="Amzon Test" time="39.402" errors="0" timestamp="2022-08-08T13:29:38 EDT">
  <testcase classname="homepage.AmazonTest" name="landingPage" time="13.75"/>
  <testcase classname="homepage.AmazonTest" name="shopByDepartment" time="3.89"/>
  <testcase classname="homepage.AmazonTest" name="shopSamsungTV" time="5.878"/>
  <testcase classname="homepage.AmazonTest" name="sortHighToLow" time="2.933"/>
  <testcase classname="homepage.AmazonTest" name="select2ndSearchResult" time="12.854"/>
</testsuite> <!-- Amzon Test -->
