<?xml version="1.0" encoding="UTF-8"?>
<!-- Generated by org.testng.reporters.JUnitXMLReporter -->
<testsuite ignored="0" hostname="Piash-XPS13" failures="0" tests="5" name="Amzon Test" time="26.138" errors="0" timestamp="2022-08-09T12:57:47 EDT">
  <testcase classname="homepage.AmazonTest" name="landingPage" time="10.315"/>
  <testcase classname="homepage.AmazonTest" name="shopByDepartment" time="4.721"/>
  <testcase classname="homepage.AmazonTest" name="shopSamsungTV" time="1.605"/>
  <testcase classname="homepage.AmazonTest" name="sortHighToLow" time="1.451"/>
  <testcase classname="homepage.AmazonTest" name="select2ndSearchResult" time="7.915"/>
</testsuite> <!-- Amzon Test -->
